
> fastrack-driving-school-lms@1.0.0 start
> react-scripts start

(node:5672) [DEP_WEBPACK_DEV_SERVER_ON_AFTER_SETUP_MIDDLEWARE] DeprecationWarning: 'onAfterSetupMiddleware' option is deprecated. Please use the 'setupMiddlewares' option.
(Use `node --trace-deprecation ...` to show where the warning was created)
(node:5672) [DEP_WEBPACK_DEV_SERVER_ON_BEFORE_SETUP_MIDDLEWARE] DeprecationWarning: 'onBeforeSetupMiddleware' option is deprecated. Please use the 'setupMiddlewares' option.
Starting the development server...

Compiled with warnings.

[eslint] 
src\api\complianceServices.js
  Line 10:3:  'orderBy' is defined but never used                        no-unused-vars
  Line 16:7:  'BREAK_REQUIRED_AFTER' is assigned a value but never used  no-unused-vars

src\api\pvqServices.js
  Line 3:3:  'doc' is defined but never used     no-unused-vars
  Line 9:3:  'getDoc' is defined but never used  no-unused-vars

src\api\schedulingServices.js
  Line 11:3:  'orderBy' is defined but never used  no-unused-vars

src\context\TimerContext.jsx
  Line 57:26:  'setSessionHistory' is assigned a value but never used                                                            no-unused-vars
  Line 60:10:  'timeSinceLastBreak' is assigned a value but never used                                                           no-unused-vars
  Line 426:6:  React Hook useEffect has a missing dependency: 'endBreak'. Either include it or remove the dependency array       react-hooks/exhaustive-deps
  Line 445:6:  React Hook useEffect has a missing dependency: 'saveTimerData'. Either include it or remove the dependency array  react-hooks/exhaustive-deps
  Line 484:6:  React Hook useEffect has a missing dependency: 'pauseTimer'. Either include it or remove the dependency array     react-hooks/exhaustive-deps

src\pages\CoursePlayer\CoursePlayerPage.jsx
  Line 71:6:  React Hook useEffect has a missing dependency: 'stopTimer'. Either include it or remove the dependency array  react-hooks/exhaustive-deps

Search for the keywords to learn more about each warning.
To ignore, add // eslint-disable-next-line to the line before.

[1m[33mWARNING[39m[22m in [1m[eslint] 
src\api\complianceServices.js
  Line 10:3:  'orderBy' is defined but never used                        no-unused-vars
  Line 16:7:  'BREAK_REQUIRED_AFTER' is assigned a value but never used  no-unused-vars

src\api\pvqServices.js
  Line 3:3:  'doc' is defined but never used     no-unused-vars
  Line 9:3:  'getDoc' is defined but never used  no-unused-vars

src\api\schedulingServices.js
  Line 11:3:  'orderBy' is defined but never used  no-unused-vars

src\context\TimerContext.jsx
  Line 57:26:  'setSessionHistory' is assigned a value but never used                                                            no-unused-vars
  Line 60:10:  'timeSinceLastBreak' is assigned a value but never used                                                           no-unused-vars
  Line 426:6:  React Hook useEffect has a missing dependency: 'endBreak'. Either include it or remove the dependency array       react-hooks/exhaustive-deps
  Line 445:6:  React Hook useEffect has a missing dependency: 'saveTimerData'. Either include it or remove the dependency array  react-hooks/exhaustive-deps
  Line 484:6:  React Hook useEffect has a missing dependency: 'pauseTimer'. Either include it or remove the dependency array     react-hooks/exhaustive-deps

src\pages\CoursePlayer\CoursePlayerPage.jsx
  Line 71:6:  React Hook useEffect has a missing dependency: 'stopTimer'. Either include it or remove the dependency array  react-hooks/exhaustive-deps

[39m[22m

webpack compiled with [1m[33m1 warning[39m[22m
