
> fastrack-driving-school-lms@1.0.0 build
> react-scripts build

Creating an optimized production build...
Compiled with warnings.

[eslint] 
src\api\student\userServices.js
  Line 12:3:  'CollectionReference' is defined but never used  no-unused-vars

src\components\admin\SchedulingManagement.jsx
  Line 16:10:  'getUser' is defined but never used  no-unused-vars

src\pages\Admin\AdminPage.jsx
  Line 6:8:  'Input' is defined but never used  no-unused-vars

Search for the keywords to learn more about each warning.
To ignore, add // eslint-disable-next-line to the line before.

File sizes after gzip:

  220.78 kB (-152 B)  build\static\js\main.6a4abe14.js
  17.83 kB (+62 B)    build\static\css\main.7957d2ae.css

The project was built assuming it is hosted at /.
You can control this with the homepage field in your package.json.

The build folder is ready to be deployed.
You may serve it with a static server:

  npm install -g serve
  serve -s build

Find out more about deployment here:

  https://cra.link/deployment

