
> fastrack-driving-school-lms@1.0.0 start
> react-scripts start

(node:28844) [DEP_WEBPACK_DEV_SERVER_ON_AFTER_SETUP_MIDDLEWARE] DeprecationWarning: 'onAfterSetupMiddleware' option is deprecated. Please use the 'setupMiddlewares' option.
(Use `node --trace-deprecation ...` to show where the warning was created)
(node:28844) [DEP_WEBPACK_DEV_SERVER_ON_BEFORE_SETUP_MIDDLEWARE] DeprecationWarning: 'onBeforeSetupMiddleware' option is deprecated. Please use the 'setupMiddlewares' option.
Starting the development server...

Compiled with warnings.

[eslint] 
src\api\student\userServices.js
  Line 12:3:  'CollectionReference' is defined but never used  no-unused-vars

src\components\admin\SchedulingManagement.jsx
  Line 16:10:  'getUser' is defined but never used  no-unused-vars

src\pages\Admin\AdminPage.jsx
  Line 6:8:  'Input' is defined but never used  no-unused-vars

Search for the keywords to learn more about each warning.
To ignore, add // eslint-disable-next-line to the line before.

[1m[33mWARNING[39m[22m in [1m[eslint] 
src\api\student\userServices.js
  Line 12:3:  'CollectionReference' is defined but never used  no-unused-vars

src\components\admin\SchedulingManagement.jsx
  Line 16:10:  'getUser' is defined but never used  no-unused-vars

src\pages\Admin\AdminPage.jsx
  Line 6:8:  'Input' is defined but never used  no-unused-vars

[39m[22m

webpack compiled with [1m[33m1 warning[39m[22m
